[0mGET /courses [32m200[0m 146.321 ms - 8323[0m
[0mGET /stats [32m200[0m 272.535 ms - 92[0m
[0mGET /courses [36m304[0m 108.867 ms - -[0m
[0mGET /stats [36m304[0m 239.936 ms - -[0m
[0mOPTIONS /teacher/dashboard [32m204[0m 0.773 ms - 0[0m
[0mOPTIONS /teacher/dashboard [32m204[0m 0.176 ms - 0[0m
[0mGET /teacher/dashboard [32m200[0m 127.718 ms - 1009[0m
[0mGET /teacher/dashboard [32m200[0m 141.599 ms - 1009[0m
[0mGET /courses [36m304[0m 194.518 ms - -[0m
[0mGET /courses [36m304[0m 166.015 ms - -[0m
[0mGET /stats [36m304[0m 439.594 ms - -[0m
[0mGET /stats [36m304[0m 403.417 ms - -[0m
[0mOPTIONS /auth/login [32m204[0m 0.324 ms - 0[0m
[0mPOST /auth/login [32m200[0m 389.767 ms - 62[0m
[0mOPTIONS /auth/login [32m204[0m 0.148 ms - 0[0m
[0mPOST /auth/login [32m200[0m 510.206 ms - 395[0m
[0mOPTIONS /cart [32m204[0m 0.085 ms - 0[0m
[0mGET /cart [32m200[0m 61.703 ms - 193[0m
[0mGET /courses [36m304[0m 117.653 ms - -[0m
[0mGET /cart [36m304[0m 56.983 ms - -[0m
[0mGET /cart [36m304[0m 64.377 ms - -[0m
[0mGET /courses [36m304[0m 150.024 ms - -[0m
[0mGET /stats [36m304[0m 269.110 ms - -[0m
[0mGET /stats [36m304[0m 263.884 ms - -[0m
[0mOPTIONS /student/dashboard [32m204[0m 0.085 ms - 0[0m
[0mGET /cart [36m304[0m 57.811 ms - -[0m
[0mGET /cart [36m304[0m 55.584 ms - -[0m
[0mGET /student/dashboard [32m200[0m 345.659 ms - 2773[0m
[0mGET /student/dashboard [32m200[0m 400.773 ms - 2773[0m
[0mOPTIONS /student/my-courses [32m204[0m 0.067 ms - 0[0m
[0mGET /student/my-courses [32m200[0m 186.890 ms - 5535[0m
[0mGET /student/my-courses [36m304[0m 249.278 ms - -[0m
[0mOPTIONS /cart [32m204[0m 0.096 ms - 0[0m
[0mOPTIONS /courses [32m204[0m 0.082 ms - 0[0m
[0mOPTIONS /courses [32m204[0m 0.042 ms - 0[0m
[0mOPTIONS /student/enrolled-courses [32m204[0m 0.055 ms - 0[0m
[0mGET /cart [36m304[0m 60.881 ms - -[0m
[0mGET /cart [36m304[0m 81.489 ms - -[0m
[0mGET /courses [36m304[0m 162.525 ms - -[0m
[0mGET /courses [32m200[0m 163.564 ms - 8323[0m
[0mGET /student/enrolled-courses [32m200[0m 164.437 ms - 4792[0m
[0mGET /student/enrolled-courses [36m304[0m 161.389 ms - -[0m
[0mOPTIONS /cart/add/69307f25ffbb26275b854982 [32m204[0m 0.117 ms - 0[0m
[0mPOST /cart/add/69307f25ffbb26275b854982 [32m200[0m 609.842 ms - 477[0m
[0mOPTIONS /cart [32m204[0m 0.054 ms - 0[0m
[0mGET /cart [32m200[0m 140.776 ms - 484[0m
[0mGET /cart [32m200[0m 133.205 ms - 484[0m
[0mGET /cart [36m304[0m 142.926 ms - -[0m
[0mOPTIONS /cart/remove/69307f25ffbb26275b854982 [32m204[0m 0.046 ms - 0[0m
[0mDELETE /cart/remove/69307f25ffbb26275b854982 [32m200[0m 195.770 ms - 190[0m
[0mGET /cart [32m200[0m 88.870 ms - 193[0m
[0mOPTIONS /student/dashboard [32m204[0m 0.068 ms - 0[0m
[0mGET /cart [36m304[0m 95.717 ms - -[0m
[0mGET /cart [36m304[0m 79.078 ms - -[0m
[0mGET /student/dashboard [32m200[0m 358.811 ms - 2773[0m
[0mGET /student/dashboard [32m200[0m 303.958 ms - 2773[0m
[0mOPTIONS /student/streak [32m204[0m 0.049 ms - 0[0m
[0mGET /student/streak [32m200[0m 144.270 ms - 130[0m
[0mGET /student/streak [36m304[0m 138.564 ms - -[0m
[0mOPTIONS /cart [32m204[0m 0.142 ms - 0[0m
[0mOPTIONS /assignments/student/list [32m204[0m 0.063 ms - 0[0m
[0mGET /cart [36m304[0m 92.397 ms - -[0m
[0mGET /cart [36m304[0m 140.238 ms - -[0m
[0mGET /assignments/student/list [32m200[0m 410.386 ms - 2454[0m
[0mGET /assignments/student/list [36m304[0m 553.722 ms - -[0m
[0mOPTIONS /auth/login [32m204[0m 2.476 ms - 0[0m
[0mPOST /auth/login [32m200[0m 325.722 ms - 373[0m
[0mOPTIONS /admin/dashboard [32m204[0m 0.472 ms - 0[0m
[0mOPTIONS /admin/dashboard [32m204[0m 0.667 ms - 0[0m
[0mGET /admin/dashboard [32m200[0m 216.002 ms - 124[0m
[0mGET /admin/dashboard [36m304[0m 202.753 ms - -[0m
[0mOPTIONS /admin/users [32m204[0m 0.352 ms - 0[0m
[0mOPTIONS /admin/users [32m204[0m 0.162 ms - 0[0m
[0mGET /admin/users [32m200[0m 160.260 ms - 10970[0m
[0mGET /admin/users [36m304[0m 251.588 ms - -[0m
[0mOPTIONS /admin/students/690dc73e8154db73f8363232 [32m204[0m 0.343 ms - 0[0m
[0mDELETE /admin/students/690dc73e8154db73f8363232 [32m200[0m 224.554 ms - 57[0m
